<?xml version="1.0" encoding="UTF-8" standalone="no"?>
<!DOCTYPE log SYSTEM "logger.dtd">
<log>
<record>
  <date>2017-07-05T16:09:59.912-0300</date>
  <logger>PAULO VITOR SOUTO DANTAS</logger>
  <level>FINE</level>
  <message>File 115211312-PAULO VITOR SOUTO DANTAS.zip was received. It was sent by PAULO VITOR SOUTO DANTAS from IP 127.0.1.1</message>
</record>
</log>
<?xml version="1.0" encoding="UTF-8" standalone="no"?>
<!DOCTYPE log SYSTEM "logger.dtd">
<log>
<record>
  <date>2017-07-06T01:03:07.941-0300</date>
  <logger>PAULO VITOR SOUTO DANTAS</logger>
  <level>FINE</level>
  <message>File 115211312-PAULO VITOR SOUTO DANTAS.zip was received. It was sent by PAULO VITOR SOUTO DANTAS from IP 127.0.1.1</message>
</record>
</log>
<?xml version="1.0" encoding="UTF-8" standalone="no"?>
<!DOCTYPE log SYSTEM "logger.dtd">
<log>
<record>
  <date>2017-07-06T22:51:21.962-0300</date>
  <logger>PAULO VITOR SOUTO DANTAS</logger>
  <level>FINE</level>
  <message>File 115211312-PAULO VITOR SOUTO DANTAS.zip was received. It was sent by PAULO VITOR SOUTO DANTAS from IP 127.0.1.1</message>
</record>
</log>
<?xml version="1.0" encoding="UTF-8" standalone="no"?>
<!DOCTYPE log SYSTEM "logger.dtd">
<log>
<record>
  <date>2017-07-06T23:44:36.554-0300</date>
  <logger>PAULO VITOR SOUTO DANTAS</logger>
  <level>FINE</level>
  <message>File 115211312-PAULO VITOR SOUTO DANTAS.zip was received. It was sent by PAULO VITOR SOUTO DANTAS from IP 127.0.1.1</message>
</record>
