<?xml version="1.0" encoding="UTF-8" standalone="no"?>
<!DOCTYPE log SYSTEM "logger.dtd">
<log>
<record>
  <date>2017-02-01T16:21:01.292-0300</date>
  <logger>RUBENS BATISTA ARAUJO DE SOUSA</logger>
  <level>FINE</level>
  <message>File 115211161-RUBENS BATISTA ARAUJO DE SOUSA.zip was received. It was sent by RUBENS BATISTA ARAUJO DE SOUSA from IP 192.168.0.110</message>
</record>
</log>
<?xml version="1.0" encoding="UTF-8" standalone="no"?>
<!DOCTYPE log SYSTEM "logger.dtd">
<log>
<record>
  <date>2017-02-01T16:59:51.842-0300</date>
  <logger>RUBENS BATISTA ARAUJO DE SOUSA</logger>
  <level>FINE</level>
  <message>File 115211161-RUBENS BATISTA ARAUJO DE SOUSA.zip was received. It was sent by RUBENS BATISTA ARAUJO DE SOUSA from IP 192.168.1.6</message>
</record>
</log>
<?xml version="1.0" encoding="UTF-8" standalone="no"?>
<!DOCTYPE log SYSTEM "logger.dtd">
<log>
<record>
  <date>2017-02-01T19:37:52.376-0300</date>
  <logger>RUBENS BATISTA ARAUJO DE SOUSA</logger>
  <level>FINE</level>
  <message>File 115211161-RUBENS BATISTA ARAUJO DE SOUSA.zip was received. It was sent by RUBENS BATISTA ARAUJO DE SOUSA from IP 192.168.1.6</message>
</record>
</log>
<?xml version="1.0" encoding="UTF-8" standalone="no"?>
<!DOCTYPE log SYSTEM "logger.dtd">
<log>
<record>
  <date>2017-02-01T20:20:27.586-0300</date>
  <logger>RUBENS BATISTA ARAUJO DE SOUSA</logger>
  <level>FINE</level>
  <message>File 115211161-RUBENS BATISTA ARAUJO DE SOUSA.zip was received. It was sent by RUBENS BATISTA ARAUJO DE SOUSA from IP 192.168.1.6</message>
</record>
