<?xml version="1.0" encoding="UTF-8" standalone="no"?>
<!DOCTYPE log SYSTEM "logger.dtd">
<log>
<record>
  <date>2017-02-06T14:20:39.739-0300</date>
  <logger>RUBENS BATISTA ARAUJO DE SOUSA</logger>
  <level>FINE</level>
  <message>File 115211161-RUBENS BATISTA ARAUJO DE SOUSA.zip was received. It was sent by RUBENS BATISTA ARAUJO DE SOUSA from IP 150.165.74.136</message>
</record>
</log>
<?xml version="1.0" encoding="UTF-8" standalone="no"?>
<!DOCTYPE log SYSTEM "logger.dtd">
<log>
<record>
  <date>2017-02-06T20:53:38.538-0300</date>
  <logger>RUBENS BATISTA ARAUJO DE SOUSA</logger>
  <level>FINE</level>
  <message>File 115211161-RUBENS BATISTA ARAUJO DE SOUSA.zip was received. It was sent by RUBENS BATISTA ARAUJO DE SOUSA from IP 192.168.1.6</message>
</record>
</log>
<?xml version="1.0" encoding="UTF-8" standalone="no"?>
<!DOCTYPE log SYSTEM "logger.dtd">
<log>
<record>
  <date>2017-02-06T22:26:21.950-0300</date>
  <logger>RUBENS BATISTA ARAUJO DE SOUSA</logger>
  <level>FINE</level>
  <message>File 115211161-RUBENS BATISTA ARAUJO DE SOUSA.zip was received. It was sent by RUBENS BATISTA ARAUJO DE SOUSA from IP 192.168.1.6</message>
</record>
</log>
<?xml version="1.0" encoding="UTF-8" standalone="no"?>
<!DOCTYPE log SYSTEM "logger.dtd">
<log>
<record>
  <date>2017-02-06T22:31:53.434-0300</date>
  <logger>RUBENS BATISTA ARAUJO DE SOUSA</logger>
  <level>FINE</level>
  <message>File 115211161-RUBENS BATISTA ARAUJO DE SOUSA.zip was received. It was sent by RUBENS BATISTA ARAUJO DE SOUSA from IP 192.168.1.6</message>
</record>
</log>
<?xml version="1.0" encoding="UTF-8" standalone="no"?>
<!DOCTYPE log SYSTEM "logger.dtd">
<log>
<record>
  <date>2017-02-06T22:39:14.714-0300</date>
  <logger>RUBENS BATISTA ARAUJO DE SOUSA</logger>
  <level>FINE</level>
  <message>File 115211161-RUBENS BATISTA ARAUJO DE SOUSA.zip was received. It was sent by RUBENS BATISTA ARAUJO DE SOUSA from IP 192.168.1.6</message>
</record>
