<?xml version="1.0" encoding="UTF-8" standalone="no"?>
<!DOCTYPE log SYSTEM "logger.dtd">
<log>
<record>
  <date>2017-07-03T14:06:23.314-0300</date>
  <logger>PAULO VITOR SOUTO DANTAS</logger>
  <level>FINE</level>
  <message>File 115211312-PAULO VITOR SOUTO DANTAS.zip was received. It was sent by PAULO VITOR SOUTO DANTAS from IP 127.0.1.1</message>
</record>
</log>
<?xml version="1.0" encoding="UTF-8" standalone="no"?>
<!DOCTYPE log SYSTEM "logger.dtd">
<log>
<record>
  <date>2017-07-03T20:21:14.540-0300</date>
  <logger>PAULO VITOR SOUTO DANTAS</logger>
  <level>FINE</level>
  <message>File 115211312-PAULO VITOR SOUTO DANTAS.zip was received. It was sent by PAULO VITOR SOUTO DANTAS from IP 127.0.1.1</message>
</record>
</log>
<?xml version="1.0" encoding="UTF-8" standalone="no"?>
<!DOCTYPE log SYSTEM "logger.dtd">
<log>
<record>
  <date>2017-07-03T21:40:04.625-0300</date>
  <logger>PAULO VITOR SOUTO DANTAS</logger>
  <level>FINE</level>
  <message>File 115211312-PAULO VITOR SOUTO DANTAS.zip was received. It was sent by PAULO VITOR SOUTO DANTAS from IP 127.0.1.1</message>
</record>
