<?xml version="1.0" encoding="UTF-8" standalone="no"?>
<!DOCTYPE log SYSTEM "logger.dtd">
<log>
<record>
  <date>2017-05-29T14:09:20.214-0300</date>
  <logger>PAULO VITOR SOUTO DANTAS</logger>
  <level>FINE</level>
  <message>File 115211312-PAULO VITOR SOUTO DANTAS.zip was received. It was sent by PAULO VITOR SOUTO DANTAS from IP 127.0.1.1</message>
</record>
</log>
<?xml version="1.0" encoding="UTF-8" standalone="no"?>
<!DOCTYPE log SYSTEM "logger.dtd">
<log>
<record>
  <date>2017-05-29T16:03:39.636-0300</date>
  <logger>PAULO VITOR SOUTO DANTAS</logger>
  <level>FINE</level>
  <message>File 115211312-PAULO VITOR SOUTO DANTAS.zip was received. It was sent by PAULO VITOR SOUTO DANTAS from IP 127.0.1.1</message>
</record>
</log>
<?xml version="1.0" encoding="UTF-8" standalone="no"?>
<!DOCTYPE log SYSTEM "logger.dtd">
<log>
<record>
  <date>2017-05-29T20:16:44.374-0300</date>
  <logger>PAULO VITOR SOUTO DANTAS</logger>
  <level>FINE</level>
  <message>File 115211312-PAULO VITOR SOUTO DANTAS.zip was received. It was sent by PAULO VITOR SOUTO DANTAS from IP 127.0.1.1</message>
</record>
