<?xml version="1.0" encoding="UTF-8" standalone="no"?>
<!DOCTYPE log SYSTEM "logger.dtd">
<log>
<record>
  <date>2017-02-08T16:11:04.148-0300</date>
  <logger>RUBENS BATISTA ARAUJO DE SOUSA</logger>
  <level>FINE</level>
  <message>File 115211161-RUBENS BATISTA ARAUJO DE SOUSA.zip was received. It was sent by RUBENS BATISTA ARAUJO DE SOUSA from IP 150.165.74.135</message>
</record>
</log>
<?xml version="1.0" encoding="UTF-8" standalone="no"?>
<!DOCTYPE log SYSTEM "logger.dtd">
<log>
<record>
  <date>2017-02-09T00:14:59.474-0300</date>
  <logger>RUBENS BATISTA ARAUJO DE SOUSA</logger>
  <level>FINE</level>
  <message>File 115211161-RUBENS BATISTA ARAUJO DE SOUSA.zip was received. It was sent by RUBENS BATISTA ARAUJO DE SOUSA from IP 192.168.1.6</message>
</record>
</log>
<?xml version="1.0" encoding="UTF-8" standalone="no"?>
<!DOCTYPE log SYSTEM "logger.dtd">
<log>
<record>
  <date>2017-02-09T16:06:59.691-0300</date>
  <logger>RUBENS BATISTA ARAUJO DE SOUSA</logger>
  <level>FINE</level>
  <message>File 115211161-RUBENS BATISTA ARAUJO DE SOUSA.zip was received. It was sent by RUBENS BATISTA ARAUJO DE SOUSA from IP 150.165.74.105</message>
</record>
</log>
<?xml version="1.0" encoding="UTF-8" standalone="no"?>
<!DOCTYPE log SYSTEM "logger.dtd">
<log>
<record>
  <date>2017-02-09T20:13:28.768-0300</date>
  <logger>RUBENS BATISTA ARAUJO DE SOUSA</logger>
  <level>FINE</level>
  <message>File 115211161-RUBENS BATISTA ARAUJO DE SOUSA.zip was received. It was sent by RUBENS BATISTA ARAUJO DE SOUSA from IP 192.168.1.6</message>
</record>
