<?xml version="1.0" encoding="UTF-8" standalone="no"?>
<!DOCTYPE log SYSTEM "logger.dtd">
<log>
<record>
  <date>2017-03-16T01:06:24.310-0300</date>
  <logger>RUBENS BATISTA ARAUJO DE SOUSA</logger>
  <level>FINE</level>
  <message>File 115211161-RUBENS BATISTA ARAUJO DE SOUSA.zip was received. It was sent by RUBENS BATISTA ARAUJO DE SOUSA from IP 192.168.1.6</message>
</record>
</log>
<?xml version="1.0" encoding="UTF-8" standalone="no"?>
<!DOCTYPE log SYSTEM "logger.dtd">
<log>
<record>
  <date>2017-03-16T21:20:33.473-0300</date>
  <logger>RUBENS BATISTA ARAUJO DE SOUSA</logger>
  <level>FINE</level>
  <message>File 115211161-RUBENS BATISTA ARAUJO DE SOUSA.zip was received. It was sent by RUBENS BATISTA ARAUJO DE SOUSA from IP 192.168.1.6</message>
</record>
</log>
<?xml version="1.0" encoding="UTF-8" standalone="no"?>
<!DOCTYPE log SYSTEM "logger.dtd">
<log>
<record>
  <date>2017-03-16T21:27:53.493-0300</date>
  <logger>RUBENS BATISTA ARAUJO DE SOUSA</logger>
  <level>FINE</level>
  <message>File 115211161-RUBENS BATISTA ARAUJO DE SOUSA.zip was received. It was sent by RUBENS BATISTA ARAUJO DE SOUSA from IP 192.168.1.6</message>
</record>
