<?xml version="1.0" encoding="UTF-8" standalone="no"?>
<!DOCTYPE log SYSTEM "logger.dtd">
<head/><log>
<record>
  <date>2016-11-30T16:26:57.565-0300</date>
  <logger>RUBENS BATISTA ARAUJO DE SOUSA</logger>
  <level>FINE</level>
  <message>File 115211161-RUBENS BATISTA ARAUJO DE SOUSA.zip was received. It was sent by RUBENS BATISTA ARAUJO DE SOUSA from IP 150.165.74.130</message>
</record>
</log>
<?xml version="1.0" encoding="UTF-8" standalone="no"?>
<!DOCTYPE log SYSTEM "logger.dtd">
<log>
<record>
  <date>2016-11-30T17:04:30.595-0300</date>
  <logger>RUBENS BATISTA ARAUJO DE SOUSA</logger>
  <level>FINE</level>
  <message>File 115211161-RUBENS BATISTA ARAUJO DE SOUSA.zip was received. It was sent by RUBENS BATISTA ARAUJO DE SOUSA from IP 150.165.74.130</message>
</record>
</log>
<?xml version="1.0" encoding="UTF-8" standalone="no"?>
<!DOCTYPE log SYSTEM "logger.dtd">
<log>
<record>
  <date>2016-11-30T17:07:13.309-0300</date>
  <logger>RUBENS BATISTA ARAUJO DE SOUSA</logger>
  <level>FINE</level>
  <message>File 115211161-RUBENS BATISTA ARAUJO DE SOUSA.zip was received. It was sent by RUBENS BATISTA ARAUJO DE SOUSA from IP 150.165.74.130</message>
</record>
