<?xml version="1.0" encoding="UTF-8" standalone="no"?>
<!DOCTYPE log SYSTEM "logger.dtd">
<log>
<record>
  <date>2017-08-16T16:09:02.028-0300</date>
  <logger>PAULO VITOR SOUTO DANTAS</logger>
  <level>FINE</level>
  <message>File 115211312-PAULO VITOR SOUTO DANTAS.zip was received. It was sent by PAULO VITOR SOUTO DANTAS from IP 127.0.1.1</message>
</record>
</log>
<?xml version="1.0" encoding="UTF-8" standalone="no"?>
<!DOCTYPE log SYSTEM "logger.dtd">
<log>
<record>
  <date>2017-08-16T17:33:36.417-0300</date>
  <logger>PAULO VITOR SOUTO DANTAS</logger>
  <level>FINE</level>
  <message>File 115211312-PAULO VITOR SOUTO DANTAS.zip was received. It was sent by PAULO VITOR SOUTO DANTAS from IP 127.0.1.1</message>
</record>
</log>
<?xml version="1.0" encoding="UTF-8" standalone="no"?>
<!DOCTYPE log SYSTEM "logger.dtd">
<log>
<record>
  <date>2017-08-16T17:37:13.206-0300</date>
  <logger>PAULO VITOR SOUTO DANTAS</logger>
  <level>FINE</level>
  <message>File 115211312-PAULO VITOR SOUTO DANTAS.zip was received. It was sent by PAULO VITOR SOUTO DANTAS from IP 127.0.1.1</message>
</record>
</log>
<?xml version="1.0" encoding="UTF-8" standalone="no"?>
<!DOCTYPE log SYSTEM "logger.dtd">
<log>
<record>
  <date>2017-08-16T17:55:45.938-0300</date>
  <logger>PAULO VITOR SOUTO DANTAS</logger>
  <level>FINE</level>
  <message>File 115211312-PAULO VITOR SOUTO DANTAS.zip was received. It was sent by PAULO VITOR SOUTO DANTAS from IP 127.0.1.1</message>
</record>
